C:\DEVELOPMENT\COCOS2D-X-2.2.2\SAMPLES\CPP\PROJECTCHERRY\PROJ.WIN32\DEBUG.WIN32\APPDELEGATE.OBJ
C:\DEVELOPMENT\COCOS2D-X-2.2.2\SAMPLES\CPP\PROJECTCHERRY\PROJ.WIN32\DEBUG.WIN32\ACTIONSPRITE.OBJ
C:\DEVELOPMENT\COCOS2D-X-2.2.2\SAMPLES\CPP\PROJECTCHERRY\PROJ.WIN32\DEBUG.WIN32\CHERRY.OBJ
C:\DEVELOPMENT\COCOS2D-X-2.2.2\SAMPLES\CPP\PROJECTCHERRY\PROJ.WIN32\DEBUG.WIN32\ENEMYBOSS.OBJ
C:\DEVELOPMENT\COCOS2D-X-2.2.2\SAMPLES\CPP\PROJECTCHERRY\PROJ.WIN32\DEBUG.WIN32\ENEMYBOSSWINGS.OBJ
C:\DEVELOPMENT\COCOS2D-X-2.2.2\SAMPLES\CPP\PROJECTCHERRY\PROJ.WIN32\DEBUG.WIN32\ENEMYFEMALE.OBJ
C:\DEVELOPMENT\COCOS2D-X-2.2.2\SAMPLES\CPP\PROJECTCHERRY\PROJ.WIN32\DEBUG.WIN32\SIMPLEDPAD.OBJ
C:\DEVELOPMENT\COCOS2D-X-2.2.2\SAMPLES\CPP\PROJECTCHERRY\PROJ.WIN32\DEBUG.WIN32\GAMELAYER.OBJ
C:\DEVELOPMENT\COCOS2D-X-2.2.2\SAMPLES\CPP\PROJECTCHERRY\PROJ.WIN32\DEBUG.WIN32\HUDLAYER.OBJ
C:\DEVELOPMENT\COCOS2D-X-2.2.2\SAMPLES\CPP\PROJECTCHERRY\PROJ.WIN32\DEBUG.WIN32\GAMESCENE.OBJ
C:\DEVELOPMENT\COCOS2D-X-2.2.2\SAMPLES\CPP\PROJECTCHERRY\PROJ.WIN32\DEBUG.WIN32\MENUSCENE.OBJ
C:\DEVELOPMENT\COCOS2D-X-2.2.2\SAMPLES\CPP\PROJECTCHERRY\PROJ.WIN32\DEBUG.WIN32\SPLASHSCENE.OBJ
C:\DEVELOPMENT\COCOS2D-X-2.2.2\SAMPLES\CPP\PROJECTCHERRY\PROJ.WIN32\DEBUG.WIN32\MAIN.OBJ
C:\DEVELOPMENT\COCOS2D-X-2.2.2\SAMPLES\CPP\PROJECTCHERRY\PROJ.WIN32\DEBUG.WIN32\VC110.PDB
C:\DEVELOPMENT\COCOS2D-X-2.2.2\SAMPLES\CPP\PROJECTCHERRY\PROJ.WIN32\DEBUG.WIN32\PROJECTCHERRY.RES
C:\development\cocos2d-x-2.2.2\samples\Cpp\ProjectCherry\proj.win32\Debug.win32\ActionSprite.obj
C:\development\cocos2d-x-2.2.2\samples\Cpp\ProjectCherry\proj.win32\Debug.win32\AppDelegate.obj
C:\development\cocos2d-x-2.2.2\samples\Cpp\ProjectCherry\proj.win32\Debug.win32\Cherry.obj
C:\development\cocos2d-x-2.2.2\samples\Cpp\ProjectCherry\proj.win32\Debug.win32\EnemyBoss.obj
C:\development\cocos2d-x-2.2.2\samples\Cpp\ProjectCherry\proj.win32\Debug.win32\EnemyBossWings.obj
C:\development\cocos2d-x-2.2.2\samples\Cpp\ProjectCherry\proj.win32\Debug.win32\EnemyFemale.obj
C:\development\cocos2d-x-2.2.2\samples\Cpp\ProjectCherry\proj.win32\Debug.win32\GameLayer.obj
C:\development\cocos2d-x-2.2.2\samples\Cpp\ProjectCherry\proj.win32\Debug.win32\GameScene.obj
C:\development\cocos2d-x-2.2.2\samples\Cpp\ProjectCherry\proj.win32\Debug.win32\HudLayer.obj
C:\development\cocos2d-x-2.2.2\samples\Cpp\ProjectCherry\proj.win32\Debug.win32\main.obj
C:\development\cocos2d-x-2.2.2\samples\Cpp\ProjectCherry\proj.win32\Debug.win32\MenuScene.obj
C:\development\cocos2d-x-2.2.2\samples\Cpp\ProjectCherry\proj.win32\Debug.win32\SimpleDPad.obj
C:\development\cocos2d-x-2.2.2\samples\Cpp\ProjectCherry\proj.win32\Debug.win32\SplashScene.obj
C:\development\cocos2d-x-2.2.2\samples\Cpp\ProjectCherry\proj.win32\Debug.win32\cl.command.1.tlog
C:\development\cocos2d-x-2.2.2\samples\Cpp\ProjectCherry\proj.win32\Debug.win32\CL.read.1.tlog
C:\development\cocos2d-x-2.2.2\samples\Cpp\ProjectCherry\proj.win32\Debug.win32\CL.write.1.tlog
C:\development\cocos2d-x-2.2.2\samples\Cpp\ProjectCherry\proj.win32\Debug.win32\link-cvtres.read.1.tlog
C:\development\cocos2d-x-2.2.2\samples\Cpp\ProjectCherry\proj.win32\Debug.win32\link-cvtres.write.1.tlog
C:\development\cocos2d-x-2.2.2\samples\Cpp\ProjectCherry\proj.win32\Debug.win32\link-rc.read.1.tlog
C:\development\cocos2d-x-2.2.2\samples\Cpp\ProjectCherry\proj.win32\Debug.win32\link-rc.write.1.tlog
C:\development\cocos2d-x-2.2.2\samples\Cpp\ProjectCherry\proj.win32\Debug.win32\link.command.1.tlog
C:\development\cocos2d-x-2.2.2\samples\Cpp\ProjectCherry\proj.win32\Debug.win32\link.read.1.tlog
C:\development\cocos2d-x-2.2.2\samples\Cpp\ProjectCherry\proj.win32\Debug.win32\link.write.1.tlog
C:\development\cocos2d-x-2.2.2\samples\Cpp\ProjectCherry\proj.win32\Debug.win32\rc.command.1.tlog
C:\development\cocos2d-x-2.2.2\samples\Cpp\ProjectCherry\proj.win32\Debug.win32\rc.read.1.tlog
C:\development\cocos2d-x-2.2.2\samples\Cpp\ProjectCherry\proj.win32\Debug.win32\rc.write.1.tlog
C:\development\cocos2d-x-2.2.2\samples\Cpp\ProjectCherry\proj.win32\Debug.win32\ProjectCherry.res
C:\development\cocos2d-x-2.2.2\samples\Cpp\ProjectCherry\proj.win32\Debug.win32\vc110.idb
C:\development\cocos2d-x-2.2.2\samples\Cpp\ProjectCherry\proj.win32\Debug.win32\vc110.pdb
